<?xml version="1.0" encoding="UTF-8"?>
<!-- Generated by org.testng.reporters.JUnitReportReporter -->
<testsuite hostname="DESKTOP-TQ559PJ" failures="0" tests="5" name="com.orangehrm.tests.LoginTest" time="46.689" errors="3" timestamp="2023-07-07T08:56:27 IST" skipped="0">
  <testcase classname="com.orangehrm.tests.LoginTest" name="verifyCopyRightFooterText" time="5.706"/>
  <system-out/>
  <testcase classname="com.orangehrm.tests.LoginTest" name="loginWithInvalidCredentials" time="9.450"/>
  <system-out/>
  <testcase classname="com.orangehrm.tests.LoginTest" name="verifySocialMediaLinks" time="13.017">
    <error/>
  </testcase> <!-- verifySocialMediaLinks -->
  <system-out/>
  <testcase classname="com.orangehrm.tests.LoginTest" name="loginWithValidCredentials" time="11.580">
    <error/>
  </testcase> <!-- loginWithValidCredentials -->
  <system-out/>
  <testcase classname="com.orangehrm.tests.LoginTest" name="loginWithBlankPassword" time="6.936">
    <error/>
  </testcase> <!-- loginWithBlankPassword -->
  <system-out/>
</testsuite> <!-- com.orangehrm.tests.LoginTest -->
