<?xml version="1.0" encoding="UTF-8"?>
<!-- Generated by org.testng.reporters.JUnitReportReporter -->
<testsuite hostname="DESKTOP-TQ559PJ" failures="0" tests="3" name="com.orangehrm.tests.AddEmployeeTest" time="112.284" errors="0" timestamp="2023-07-07T08:56:27 IST" skipped="0">
  <testcase classname="com.orangehrm.tests.AddEmployeeTest" name="verifyAddEmployee" time="24.381"/>
  <system-out/>
  <testcase classname="com.orangehrm.tests.AddEmployeeTest" name="verifyDeleteEmployee" time="30.644"/>
  <system-out/>
  <testcase classname="com.orangehrm.tests.AddEmployeeTest" name="verifyEditEmployee" time="57.259"/>
  <system-out/>
</testsuite> <!-- com.orangehrm.tests.AddEmployeeTest -->
